<?xml version="1.0" encoding="UTF-8"?>
<testng-results skipped="0" failed="0" total="1" passed="1">
  <reporter-output>
  </reporter-output>
  <suite name="Default suite" duration-ms="432" started-at="2016-01-08T05:22:41Z" finished-at="2016-01-08T05:22:42Z">
    <groups>
    </groups>
    <test name="Default test" duration-ms="432" started-at="2016-01-08T05:22:41Z" finished-at="2016-01-08T05:22:42Z">
      <class name="com.nous.NavPort.TestScript3">
        <test-method status="PASS" signature="loadConfigFile()[pri:0, instance:com.nous.NavPort.TestScript3@29fd0be9]" name="loadConfigFile" is-config="true" duration-ms="62" started-at="2016-01-08T10:52:41Z" finished-at="2016-01-08T10:52:41Z">
          <reporter-output>
          </reporter-output>
        </test-method> <!-- loadConfigFile -->
        <test-method status="PASS" signature="NavPortDBTest()[pri:0, instance:com.nous.NavPort.TestScript3@29fd0be9]" name="NavPortDBTest" duration-ms="358" started-at="2016-01-08T10:52:41Z" description="It Compares the data of the Notepad text with inserted data in Database" finished-at="2016-01-08T10:52:42Z">
          <reporter-output>
          </reporter-output>
        </test-method> <!-- NavPortDBTest -->
        <test-method status="PASS" signature="tearDown()[pri:0, instance:com.nous.NavPort.TestScript3@29fd0be9]" name="tearDown" is-config="true" duration-ms="2" started-at="2016-01-08T10:52:42Z" finished-at="2016-01-08T10:52:42Z">
          <reporter-output>
          </reporter-output>
        </test-method> <!-- tearDown -->
      </class> <!-- com.nous.NavPort.TestScript3 -->
    </test> <!-- Default test -->
  </suite> <!-- Default suite -->
</testng-results>
